78 [14208] INFO perfrun.launcher <> - Launcher main begin
83 [14208] INFO perfrun.launcher <> - MessageCatalogInit finished
83 [14208] INFO perfrun.launcher <> - Launcher instance created
83 [14208] INFO perfrun.launcher <> - argc = 7; cmdline = C:\Program Files (x86)\Intel\oneAPI\vtune\latest\bin64\amplxe-runss.exe --ui-output-format xml --ui-output-fd 1140 --option-file C:\Users\ajayv\Documents\projects\UNI\22WSD530-Programming-Multi-many-core-Systems-Coursework-2\vTune_Results\r001hs\config\runss.options 
106 [14208] INFO perfrun.launcher <> - New signal handler callback was added
179 [14208] INFO perfrun.launcher <> - create msngr2::ICliToolContext
179 [14208] INFO perfrun.launcher <> - create file finder object
179 [14208] INFO perfrun.launcher <> - create a result directory: pattern = C:\Users\ajayv\Documents\projects\UNI\22WSD530-Programming-Multi-many-core-Systems-Coursework-2\vTune_Results\r001hs pid = 4294967295
183 [14208] INFO perfrun.launcher <> - create data directory = C:\Users\ajayv\Documents\projects\UNI\22WSD530-Programming-Multi-many-core-Systems-Coursework-2\vTune_Results\r001hs\data.0
183 [14208] INFO perfrun.launcher <> - Creating the master collection flag
189 [14208] INFO perfrun.launcher <> - Done creating the master collection flag
189 [19588] INFO perfrun.launcher <> - plugin [remoteplug] was disabled because it doesn't support the given collection type.
189 [19588] INFO perfrun.sdk <> - Allocating TMU :C:\Users\ajayv\Documents\projects\UNI\22WSD530-Programming-Multi-many-core-Systems-Coursework-2\vTune_Results\r001hs\data.0\systemcollector-19972-Ajays-PC.sc
189 [19588] INFO perfrun.launcher <> - plugin [] was disabled because it doesn't support the given collection type.
192 [19588] INFO perfrun.launcher <> - plugin [] was disabled because it doesn't support the given collection type.
192 [19588] INFO perfrun.launcher <> - plugin [gpu] was disabled because it doesn't support the given collection type.
192 [19588] INFO perfrun.launcher <> - plugin [etw.kernel] was disabled because it doesn't support the given collection type.
192 [19588] INFO perfrun.launcher <> - plugin [etw.dx] was disabled because it doesn't support the given collection type.
192 [19588] INFO perfrun.launcher <> - plugin [etw.wsa] was disabled because it doesn't support the given collection type.
192 [19588] INFO perfrun.mrte <> - system-wide mode is 0
192 [19588] INFO perfrun.mrte <> - Getting  mrte profiling environment ...
231 [19588] INFO perfrun.mrte <> - INTEL_MRTE_DATA_DIR=C:\Users\ajayv\Documents\projects\UNI\22WSD530-Programming-Multi-many-core-Systems-Coursework-2\vTune_Results\r001hs\data.0
231 [19588] INFO perfrun.mrte <> - INTEL_MRTE_HOST_NAME=Ajays-PC
231 [19588] INFO perfrun.mrte <> - JAVA_TOOL_OPTIONS=-agentlib:amplxe_tpssmrte_javaprof_1.0
231 [19588] INFO perfrun.mrte <> - PATH=C:\Program Files (x86)\Intel\oneAPI\vtune\latest\bin32\runtime;C:\Program Files (x86)\Intel\oneAPI\vtune\latest\bin64\runtime;C:\Program Files (x86)\VMware\VMware Player\bin\;C:\Program Files\Common Files\Oracle\Java\javapath;C:\Program Files\Oculus\Support\oculus-runtime;C:\Users\ajayv\Documents\projects\ffmpeg\bin;C:\Users\ajayv\Documents\projects\ffmpeg\bin;C:\Users\ajayv\Documents\projects\ffmpeg\bin;C:\Program Files (x86)\VMware\VMware Player\bin\;C:\Program Files\Common Files\Oracle\Java\javapath;C:\Program Files\Oculus\Support\oculus-runtime;C:\Users\ajayv\Documents\projects\ffmpeg\bin;C:\Users\ajayv\Documents\projects\ffmpeg\bin;C:\Users\ajayv\Documents\projects\ffmpeg\bin;%PATH%;C:\Program Files\dotnet\;C:\Users\ajayv\AppData\Local\Programs\Python\Python39\Scripts\;C:\Users\ajayv\AppData\Local\Programs\Python\Python39\;C:\Users\ajayv\AppData\Local\Microsoft\WindowsApps;C:\Users\ajayv\AppData\Local\Programs\Microsoft VS Code\bin;C:\intelFPGA_pro\20.4\modelsim_ase\win32aloem;C:\Users\ajayv\AppData\Local\GitHubDesktop\bin;C:\Program Files\dotnet\;C:\Users\ajayv\AppData\Local\Programs\Python\Python39\Scripts\;C:\Users\ajayv\AppData\Local\Programs\Python\Python39\;C:\Users\ajayv\AppData\Local\Microsoft\WindowsApps;C:\Users\ajayv\AppData\Local\Programs\Microsoft VS Code\bin;C:\intelFPGA_pro\20.4\modelsim_ase\win32aloem;C:\Users\ajayv\AppData\Local\GitHubDesktop\bin;C:\Program Files\dotnet\;C:\Program Files\NVIDIA Corporation\NVIDIA NvDLISR;C:\Program Files\MATLAB\R2020b\bin;C:\WINDOWS\system32;C:\ProgramData\chocolatey\bin;C:\Program Files (x86)\Intel\Intel(R) Management Engine Components\DAL;C:\Program Files\Intel\Intel(R) Management Engine Components\DAL;C:\Program Files\NVIDIA Corporation\Nsight Compute 2021.3.0\;C:\Program Files\MATLAB\MATLAB Runtime\v911\runtime\win64;C:\Program Files\MATLAB\MATLAB Runtime\v95\runtime\win64;C:\Program Files\nodejs\;C:\Program Files\CMake\bin;C:\Android;C:\Windows\System32;C:\Users\ajayv\Downloads\FFAIO\bin;;C:\Program Files\Git LFS;C:\VSARM\armcc\10 2021.10\bin;C:\Windows\System32\WindowsPowerShell\v1.0\;C:\Program Files\Git\bin;"C:\Program Files\NVIDIA GPU Computing Toolkit\CUDA\v11.5\libnvvp;C:\Program Files\NVIDIA GPU Computing Toolkit\CUDA\v11.5\bin;";C:\Users\ajayv\Documents\projects\ffmpeg\bin\mkvtoolnix;C:\Users\ajayv\Documents\projects\ffmpeg\bin\OpenOCD-20211118-0.11.0\bin;C:\intelFPGA_lite\21.1\questa_fse\win64;C:\Bin\gtkwave\bin;C:\Users\ajayv\AppData\Roaming\npm;C:\Keil_v5\UV4;C:\Keil_v5\ARM\ARMCC\bin;C:\VSARM\mingw\mingw64\bin;C:\VSARM\armcc\10 2021.10\bin;C:\Users\ajayv\OneDrive - Loughborough University\Year 4\Sem 1\Programming Multi-many-core Systems\vcpkg;C:\Program Files\dotnet\;C:\Users\ajayv\AppData\Local\Programs\Python\Python39\Scripts\;C:\Users\ajayv\AppData\Local\Programs\Python\Python39\;C:\Users\ajayv\AppData\Local\Microsoft\WindowsApps;C:\Users\ajayv\AppData\Local\Programs\Microsoft VS Code\bin;C:\intelFPGA_pro\20.4\modelsim_ase\win32aloem;C:\Users\ajayv\AppData\Local\GitHubDesktop\bin;C:\Program Files\dotnet\;C:\Users\ajayv\AppData\Local\Programs\Python\Python39\Scripts\;C:\Users\ajayv\AppData\Local\Programs\Python\Python39\;C:\Users\ajayv\AppData\Local\Microsoft\WindowsApps;C:\Users\ajayv\AppData\Local\Programs\Microsoft VS Code\bin;C:\intelFPGA_pro\20.4\modelsim_ase\win32aloem;C:\Users\ajayv\AppData\Local\GitHubDesktop\bin;C:\Program Files\dotnet\;C:\Program Files\NVIDIA Corporation\NVIDIA NvDLISR;C:\Program Files\MATLAB\R2020b\bin;C:\WINDOWS\system32;C:\ProgramData\chocolatey\bin;C:\Program Files (x86)\Intel\Intel(R) Management Engine Components\DAL;C:\Program Files\Intel\Intel(R) Management Engine Components\DAL;C:\Program Files\NVIDIA Corporation\Nsight Compute 2021.3.0\;C:\Program Files\MATLAB\MATLAB Runtime\v911\runtime\win64;C:\Program Files\MATLAB\MATLAB Runtime\v95\runtime\win64;C:\Program Files\nodejs\;C:\Program Files\CMake\bin;C:\Android;C:\Windows\System32;C:\Users\ajayv\Downloads\FFAIO\bin;;C:\Program Files\Git LFS;C:\VSARM\armcc\10 2021.10\bin;C:\Windows\System32\WindowsPowerShell\v1.0\;C:\Program Files\Git\bin;"C:\Program Files\NVIDIA GPU Computing Toolkit\CUDA\v11.5\libnvvp;C:\Program Files\NVIDIA GPU Computing Toolkit\CUDA\v11.5\bin;";C:\Users\ajayv\Documents\projects\ffmpeg\bin\mkvtoolnix;C:\Users\ajayv\Documents\projects\ffmpeg\bin\OpenOCD-20211118-0.11.0\bin;C:\intelFPGA_lite\21.1\questa_fse\win64;C:\Bin\gtkwave\bin;C:\Users\ajayv\AppData\Roaming\npm;C:\Keil_v5\UV4;C:\Keil_v5\ARM\ARMCC\bin;C:\VSARM\mingw\mingw64\bin;C:\VSARM\armcc\10 2021.10\bin;C:\Users\ajayv\OneDrive - Loughborough University\Year 4\Sem 1\Programming Multi-many-core Systems\vcpkg
231 [19588] INFO perfrun.mrte <> - COR_ENABLE_PROFILING=1
231 [19588] INFO perfrun.mrte <> - COR_PROFILER={AA5E4821-E3B1-479c-B7FF-5AD047D22CED}
231 [19588] INFO perfrun.mrte <> - COMPLUS_ProfAPI_ProfilerCompatibilitySetting=EnableV2Profiler
231 [19588] INFO perfrun.mrte <> - CORECLR_ENABLE_PROFILING=1
231 [19588] INFO perfrun.mrte <> - CORECLR_PROFILER={AA5E4821-E3B1-479c-B7FF-5AD047D22CED}
231 [19588] INFO perfrun.mrte <> - CORECLR_PROFILER_PATH=C:\Program Files (x86)\Intel\oneAPI\vtune\latest\bin64/amplxe_samplingmrte_clrprof_1.0.dll
231 [19588] INFO perfrun.mrte <> - INTEL_MRTE_PROFILER_MODE=mixed
231 [19588] INFO perfrun.mrte <> - Data directory: C:\Users\ajayv\Documents\projects\UNI\22WSD530-Programming-Multi-many-core-Systems-Coursework-2\vTune_Results\r001hs\data.0
231 [19588] INFO perfrun.mrte <> - Mrte plugin is initialized
232 [19588] INFO perfrun.launcher <> - plugin [cuscol] was disabled because it doesn't support the given collection type.
232 [19588] INFO perfrun.launcher <> - plugin [stdsrc] was disabled because it doesn't support the given collection type.
232 [19588] INFO perfrun.launcher <> - plugin [sep] was disabled because it doesn't support the given collection type.
232 [19588] INFO perfrun.launcher <> - plugin [vtsspp] was disabled because it doesn't support the given collection type.
232 [19588] INFO perfrun.launcher <> - plugin [] was disabled because it doesn't support the given collection type.
232 [19588] INFO perfrun.launcher <> - plugin [aoclprofile] was disabled because it doesn't support the given collection type.
232 [19588] INFO perfrun.tpss <> - initialize tpss controller
232 [19588] INFO perfrun.tpss <> - configure collection mode: value = cpu:counters:nostack
232 [19588] INFO perfrun.tpss <> - configure collection mode: value = cpu:stack
232 [19588] INFO perfrun.tpss <> - default obj-size-min=1024
232 [19588] INFO perfrun.tpss <> - default hash-table-size=0
232 [19588] INFO perfrun.launcher <> - plugin [] was disabled because it doesn't support the given collection type.
232 [19588] INFO perfrun.launcher <> - plugin [] was disabled because it doesn't support the given collection type.
232 [19588] INFO perfrun.launcher <> - plugin [] was disabled because it doesn't support the given collection type.
232 [19588] INFO perfrun.launcher <> - plugin [] was disabled because it doesn't support the given collection type.
232 [19588] INFO perfrun.launcher <> - plugin [power] was disabled because it doesn't support the given collection type.
232 [19588] INFO perfrun.launcher <> - plugin [hwloc] was disabled because it doesn't support the given collection type.
232 [19588] INFO perfrun.launcher <> - plugin [ipmwatch] was disabled because it doesn't support the given collection type.
232 [19588] INFO perfrun.launcher <> - plugin [os_counters] was disabled because it doesn't support the given collection type.
232 [19588] INFO perfrun.launcher <> - plugin [l0_metrics] was disabled because it doesn't support the given collection type.
232 [14208] INFO perfrun.launcher <> - set environment variable: PATH = C:\Program Files (x86)\Intel\oneAPI\vtune\latest\bin32\runtime;C:\Program Files (x86)\Intel\oneAPI\vtune\latest\bin64\runtime;C:\Program Files (x86)\VMware\VMware Player\bin\;C:\Program Files\Common Files\Oracle\Java\javapath;C:\Program Files\Oculus\Support\oculus-runtime;C:\Users\ajayv\Documents\projects\ffmpeg\bin;C:\Users\ajayv\Documents\projects\ffmpeg\bin;C:\Users\ajayv\Documents\projects\ffmpeg\bin;C:\Program Files (x86)\VMware\VMware Player\bin\;C:\Program Files\Common Files\Oracle\Java\javapath;C:\Program Files\Oculus\Support\oculus-runtime;C:\Users\ajayv\Documents\projects\ffmpeg\bin;C:\Users\ajayv\Documents\projects\ffmpeg\bin;C:\Users\ajayv\Documents\projects\ffmpeg\bin;%PATH%;C:\Program Files\dotnet\;C:\Users\ajayv\AppData\Local\Programs\Python\Python39\Scripts\;C:\Users\ajayv\AppData\Local\Programs\Python\Python39\;C:\Users\ajayv\AppData\Local\Microsoft\WindowsApps;C:\Users\ajayv\AppData\Local\Programs\Microsoft VS Code\bin;C:\intelFPGA_pro\20.4\modelsim_ase\win32aloem;C:\Users\ajayv\AppData\Local\GitHubDesktop\bin;C:\Program Files\dotnet\;C:\Users\ajayv\AppData\Local\Programs\Python\Python39\Scripts\;C:\Users\ajayv\AppData\Local\Programs\Python\Python39\;C:\Users\ajayv\AppData\Local\Microsoft\WindowsApps;C:\Users\ajayv\AppData\Local\Programs\Microsoft VS Code\bin;C:\intelFPGA_pro\20.4\modelsim_ase\win32aloem;C:\Users\ajayv\AppData\Local\GitHubDesktop\bin;C:\Program Files\dotnet\;C:\Program Files\NVIDIA Corporation\NVIDIA NvDLISR;C:\Program Files\MATLAB\R2020b\bin;C:\WINDOWS\system32;C:\ProgramData\chocolatey\bin;C:\Program Files (x86)\Intel\Intel(R) Management Engine Components\DAL;C:\Program Files\Intel\Intel(R) Management Engine Components\DAL;C:\Program Files\NVIDIA Corporation\Nsight Compute 2021.3.0\;C:\Program Files\MATLAB\MATLAB Runtime\v911\runtime\win64;C:\Program Files\MATLAB\MATLAB Runtime\v95\runtime\win64;C:\Program Files\nodejs\;C:\Program Files\CMake\bin;C:\Android;C:\Windows\System32;C:\Users\ajayv\Downloads\FFAIO\bin;;C:\Program Files\Git LFS;C:\VSARM\armcc\10 2021.10\bin;C:\Windows\System32\WindowsPowerShell\v1.0\;C:\Program Files\Git\bin;"C:\Program Files\NVIDIA GPU Computing Toolkit\CUDA\v11.5\libnvvp;C:\Program Files\NVIDIA GPU Computing Toolkit\CUDA\v11.5\bin;";C:\Users\ajayv\Documents\projects\ffmpeg\bin\mkvtoolnix;C:\Users\ajayv\Documents\projects\ffmpeg\bin\OpenOCD-20211118-0.11.0\bin;C:\intelFPGA_lite\21.1\questa_fse\win64;C:\Bin\gtkwave\bin;C:\Users\ajayv\AppData\Roaming\npm;C:\Keil_v5\UV4;C:\Keil_v5\ARM\ARMCC\bin;C:\VSARM\mingw\mingw64\bin;C:\VSARM\armcc\10 2021.10\bin;C:\Users\ajayv\OneDrive - Loughborough University\Year 4\Sem 1\Programming Multi-many-core Systems\vcpkg;C:\Program Files\dotnet\;C:\Users\ajayv\AppData\Local\Programs\Python\Python39\Scripts\;C:\Users\ajayv\AppData\Local\Programs\Python\Python39\;C:\Users\ajayv\AppData\Local\Microsoft\WindowsApps;C:\Users\ajayv\AppData\Local\Programs\Microsoft VS Code\bin;C:\intelFPGA_pro\20.4\modelsim_ase\win32aloem;C:\Users\ajayv\AppData\Local\GitHubDesktop\bin;C:\Program Files\dotnet\;C:\Users\ajayv\AppData\Local\Programs\Python\Python39\Scripts\;C:\Users\ajayv\AppData\Local\Programs\Python\Python39\;C:\Users\ajayv\AppData\Local\Microsoft\WindowsApps;C:\Users\ajayv\AppData\Local\Programs\Microsoft VS Code\bin;C:\intelFPGA_pro\20.4\modelsim_ase\win32aloem;C:\Users\ajayv\AppData\Local\GitHubDesktop\bin;C:\Program Files\dotnet\;C:\Program Files\NVIDIA Corporation\NVIDIA NvDLISR;C:\Program Files\MATLAB\R2020b\bin;C:\WINDOWS\system32;C:\ProgramData\chocolatey\bin;C:\Program Files (x86)\Intel\Intel(R) Management Engine Components\DAL;C:\Program Files\Intel\Intel(R) Management Engine Components\DAL;C:\Program Files\NVIDIA Corporation\Nsight Compute 2021.3.0\;C:\Program Files\MATLAB\MATLAB Runtime\v911\runtime\win64;C:\Program Files\MATLAB\MATLAB Runtime\v95\runtime\win64;C:\Program Files\nodejs\;C:\Program Files\CMake\bin;C:\Android;C:\Windows\System32;C:\Users\ajayv\Downloads\FFAIO\bin;;C:\Program Files\Git LFS;C:\VSARM\armcc\10 2021.10\bin;C:\Windows\System32\WindowsPowerShell\v1.0\;C:\Program Files\Git\bin;"C:\Program Files\NVIDIA GPU Computing Toolkit\CUDA\v11.5\libnvvp;C:\Program Files\NVIDIA GPU Computing Toolkit\CUDA\v11.5\bin;";C:\Users\ajayv\Documents\projects\ffmpeg\bin\mkvtoolnix;C:\Users\ajayv\Documents\projects\ffmpeg\bin\OpenOCD-20211118-0.11.0\bin;C:\intelFPGA_lite\21.1\questa_fse\win64;C:\Bin\gtkwave\bin;C:\Users\ajayv\AppData\Roaming\npm;C:\Keil_v5\UV4;C:\Keil_v5\ARM\ARMCC\bin;C:\VSARM\mingw\mingw64\bin;C:\VSARM\armcc\10 2021.10\bin;C:\Users\ajayv\OneDrive - Loughborough University\Year 4\Sem 1\Programming Multi-many-core Systems\vcpkg
232 [14208] INFO perfrun.launcher <> - set environment variable: INTEL_LIBITTNOTIFY32 = C:\Program Files (x86)\Intel\oneAPI\vtune\latest\bin32\runtime\ittnotify_collector.dll
232 [14208] INFO perfrun.launcher <> - set environment variable: INTEL_LIBITTNOTIFY64 = C:\Program Files (x86)\Intel\oneAPI\vtune\latest\bin64\runtime\ittnotify_collector.dll
232 [14208] INFO perfrun.launcher <> - set environment variable: INTEL_ITTNOTIFY_GROUPS = 
232 [14208] INFO perfrun.launcher <> - set environment variable: INTEL_JIT_PROFILER32 = C:\Program Files (x86)\Intel\oneAPI\vtune\latest\bin32\runtime\ittnotify_collector.dll
233 [14208] INFO perfrun.launcher <> - set environment variable: INTEL_JIT_PROFILER64 = C:\Program Files (x86)\Intel\oneAPI\vtune\latest\bin64\runtime\ittnotify_collector.dll
233 [14208] INFO perfrun.launcher <> - set environment variable: OMP_TOOL_LIBRARIES = C:\Program Files (x86)\Intel\oneAPI\vtune\latest\bin32\runtime\ittnotify_collector.dll;C:\Program Files (x86)\Intel\oneAPI\vtune\latest\bin64\runtime\ittnotify_collector.dll
233 [14208] INFO perfrun.launcher <> - set environment variable: ENABLE_JITPROFILING = 1
233 [14208] INFO perfrun.launcher <> - set environment variable: CL_CONFIG_USE_VTUNE = True
233 [14208] INFO perfrun.launcher <> - set environment variable: KMP_FORKJOIN_FRAMES = 0
233 [14208] INFO perfrun.launcher <> - set environment variable: KMP_FORKJOIN_FRAMES_MODE = 0
233 [14208] INFO perfrun.launcher <> - set environment variable: OMP_TOOL = disabled
233 [14208] INFO perfrun.launcher <> - set environment variable: INTEL_MRTE_DATA_DIR = C:\Users\ajayv\Documents\projects\UNI\22WSD530-Programming-Multi-many-core-Systems-Coursework-2\vTune_Results\r001hs\data.0
233 [14208] INFO perfrun.launcher <> - set environment variable: INTEL_MRTE_HOST_NAME = Ajays-PC
233 [14208] INFO perfrun.launcher <> - set environment variable: JAVA_TOOL_OPTIONS = -agentlib:amplxe_tpssmrte_javaprof_1.0
233 [14208] INFO perfrun.launcher <> - set environment variable: PATH = C:\Program Files (x86)\Intel\oneAPI\vtune\latest\bin32\runtime;C:\Program Files (x86)\Intel\oneAPI\vtune\latest\bin64\runtime;C:\Program Files (x86)\VMware\VMware Player\bin\;C:\Program Files\Common Files\Oracle\Java\javapath;C:\Program Files\Oculus\Support\oculus-runtime;C:\Users\ajayv\Documents\projects\ffmpeg\bin;C:\Users\ajayv\Documents\projects\ffmpeg\bin;C:\Users\ajayv\Documents\projects\ffmpeg\bin;C:\Program Files (x86)\VMware\VMware Player\bin\;C:\Program Files\Common Files\Oracle\Java\javapath;C:\Program Files\Oculus\Support\oculus-runtime;C:\Users\ajayv\Documents\projects\ffmpeg\bin;C:\Users\ajayv\Documents\projects\ffmpeg\bin;C:\Users\ajayv\Documents\projects\ffmpeg\bin;%PATH%;C:\Program Files\dotnet\;C:\Users\ajayv\AppData\Local\Programs\Python\Python39\Scripts\;C:\Users\ajayv\AppData\Local\Programs\Python\Python39\;C:\Users\ajayv\AppData\Local\Microsoft\WindowsApps;C:\Users\ajayv\AppData\Local\Programs\Microsoft VS Code\bin;C:\intelFPGA_pro\20.4\modelsim_ase\win32aloem;C:\Users\ajayv\AppData\Local\GitHubDesktop\bin;C:\Program Files\dotnet\;C:\Users\ajayv\AppData\Local\Programs\Python\Python39\Scripts\;C:\Users\ajayv\AppData\Local\Programs\Python\Python39\;C:\Users\ajayv\AppData\Local\Microsoft\WindowsApps;C:\Users\ajayv\AppData\Local\Programs\Microsoft VS Code\bin;C:\intelFPGA_pro\20.4\modelsim_ase\win32aloem;C:\Users\ajayv\AppData\Local\GitHubDesktop\bin;C:\Program Files\dotnet\;C:\Program Files\NVIDIA Corporation\NVIDIA NvDLISR;C:\Program Files\MATLAB\R2020b\bin;C:\WINDOWS\system32;C:\ProgramData\chocolatey\bin;C:\Program Files (x86)\Intel\Intel(R) Management Engine Components\DAL;C:\Program Files\Intel\Intel(R) Management Engine Components\DAL;C:\Program Files\NVIDIA Corporation\Nsight Compute 2021.3.0\;C:\Program Files\MATLAB\MATLAB Runtime\v911\runtime\win64;C:\Program Files\MATLAB\MATLAB Runtime\v95\runtime\win64;C:\Program Files\nodejs\;C:\Program Files\CMake\bin;C:\Android;C:\Windows\System32;C:\Users\ajayv\Downloads\FFAIO\bin;;C:\Program Files\Git LFS;C:\VSARM\armcc\10 2021.10\bin;C:\Windows\System32\WindowsPowerShell\v1.0\;C:\Program Files\Git\bin;"C:\Program Files\NVIDIA GPU Computing Toolkit\CUDA\v11.5\libnvvp;C:\Program Files\NVIDIA GPU Computing Toolkit\CUDA\v11.5\bin;";C:\Users\ajayv\Documents\projects\ffmpeg\bin\mkvtoolnix;C:\Users\ajayv\Documents\projects\ffmpeg\bin\OpenOCD-20211118-0.11.0\bin;C:\intelFPGA_lite\21.1\questa_fse\win64;C:\Bin\gtkwave\bin;C:\Users\ajayv\AppData\Roaming\npm;C:\Keil_v5\UV4;C:\Keil_v5\ARM\ARMCC\bin;C:\VSARM\mingw\mingw64\bin;C:\VSARM\armcc\10 2021.10\bin;C:\Users\ajayv\OneDrive - Loughborough University\Year 4\Sem 1\Programming Multi-many-core Systems\vcpkg;C:\Program Files\dotnet\;C:\Users\ajayv\AppData\Local\Programs\Python\Python39\Scripts\;C:\Users\ajayv\AppData\Local\Programs\Python\Python39\;C:\Users\ajayv\AppData\Local\Microsoft\WindowsApps;C:\Users\ajayv\AppData\Local\Programs\Microsoft VS Code\bin;C:\intelFPGA_pro\20.4\modelsim_ase\win32aloem;C:\Users\ajayv\AppData\Local\GitHubDesktop\bin;C:\Program Files\dotnet\;C:\Users\ajayv\AppData\Local\Programs\Python\Python39\Scripts\;C:\Users\ajayv\AppData\Local\Programs\Python\Python39\;C:\Users\ajayv\AppData\Local\Microsoft\WindowsApps;C:\Users\ajayv\AppData\Local\Programs\Microsoft VS Code\bin;C:\intelFPGA_pro\20.4\modelsim_ase\win32aloem;C:\Users\ajayv\AppData\Local\GitHubDesktop\bin;C:\Program Files\dotnet\;C:\Program Files\NVIDIA Corporation\NVIDIA NvDLISR;C:\Program Files\MATLAB\R2020b\bin;C:\WINDOWS\system32;C:\ProgramData\chocolatey\bin;C:\Program Files (x86)\Intel\Intel(R) Management Engine Components\DAL;C:\Program Files\Intel\Intel(R) Management Engine Components\DAL;C:\Program Files\NVIDIA Corporation\Nsight Compute 2021.3.0\;C:\Program Files\MATLAB\MATLAB Runtime\v911\runtime\win64;C:\Program Files\MATLAB\MATLAB Runtime\v95\runtime\win64;C:\Program Files\nodejs\;C:\Program Files\CMake\bin;C:\Android;C:\Windows\System32;C:\Users\ajayv\Downloads\FFAIO\bin;;C:\Program Files\Git LFS;C:\VSARM\armcc\10 2021.10\bin;C:\Windows\System32\WindowsPowerShell\v1.0\;C:\Program Files\Git\bin;"C:\Program Files\NVIDIA GPU Computing Toolkit\CUDA\v11.5\libnvvp;C:\Program Files\NVIDIA GPU Computing Toolkit\CUDA\v11.5\bin;";C:\Users\ajayv\Documents\projects\ffmpeg\bin\mkvtoolnix;C:\Users\ajayv\Documents\projects\ffmpeg\bin\OpenOCD-20211118-0.11.0\bin;C:\intelFPGA_lite\21.1\questa_fse\win64;C:\Bin\gtkwave\bin;C:\Users\ajayv\AppData\Roaming\npm;C:\Keil_v5\UV4;C:\Keil_v5\ARM\ARMCC\bin;C:\VSARM\mingw\mingw64\bin;C:\VSARM\armcc\10 2021.10\bin;C:\Users\ajayv\OneDrive - Loughborough University\Year 4\Sem 1\Programming Multi-many-core Systems\vcpkg
233 [14208] INFO perfrun.launcher <> - set environment variable: COR_ENABLE_PROFILING = 1
234 [14208] INFO perfrun.launcher <> - set environment variable: COR_PROFILER = {AA5E4821-E3B1-479c-B7FF-5AD047D22CED}
234 [14208] INFO perfrun.launcher <> - set environment variable: COMPLUS_ProfAPI_ProfilerCompatibilitySetting = EnableV2Profiler
234 [14208] INFO perfrun.launcher <> - set environment variable: CORECLR_ENABLE_PROFILING = 1
234 [14208] INFO perfrun.launcher <> - set environment variable: CORECLR_PROFILER = {AA5E4821-E3B1-479c-B7FF-5AD047D22CED}
234 [14208] INFO perfrun.launcher <> - set environment variable: CORECLR_PROFILER_PATH = C:\Program Files (x86)\Intel\oneAPI\vtune\latest\bin64/amplxe_samplingmrte_clrprof_1.0.dll
234 [14208] INFO perfrun.launcher <> - set environment variable: INTEL_MRTE_PROFILER_MODE = mixed
234 [14208] INFO perfrun.launcher <> - RpcServer: run RPC server to handle requests
237 [14208] INFO perfrun.sdk <> - IProcessUtil: the given executable 'C:\Users\ajayv\Documents\projects\UNI\22WSD530-Programming-Multi-many-core-Systems-Coursework-2\vTune_Binaries\RandomForest\Serial\main_vtune.exe' is valid.
237 [14208] INFO perfrun.launcher <> - Launcher: command line to start before modification = C:\Users\ajayv\Documents\projects\UNI\22WSD530-Programming-Multi-many-core-Systems-Coursework-2\vTune_Binaries\RandomForest\Serial\main_vtune.exe
239 [14208] INFO perfrun.launcher <> - Launcher: command line to start after modification = C:\Program Files (x86)\Intel\oneAPI\vtune\2023.0.0\bin64\pin.exe -error_file C:\Users\ajayv\Documents\projects\UNI\22WSD530-Programming-Multi-many-core-Systems-Coursework-2\vTune_Results\r001hs\data.0\pinerr.tpsslog -detach_reattach -probe -follow_execv -p32 C:\Program Files (x86)\Intel\oneAPI\vtune\latest\bin32\pin.exe -p64 C:\Program Files (x86)\Intel\oneAPI\vtune\latest\bin64\pin.exe -t64 C:\Program Files (x86)\Intel\oneAPI\vtune\latest\bin64\tpsstool.dll -t C:\Program Files (x86)\Intel\oneAPI\vtune\latest\bin32\tpsstool.dll -server_name tpss_ipc.19972 -prd_dir C:\Program Files (x86)\Intel\oneAPI\vtune\2023.0.0 -- C:\Users\ajayv\Documents\projects\UNI\22WSD530-Programming-Multi-many-core-Systems-Coursework-2\vTune_Binaries\RandomForest\Serial\main_vtune.exe
239 [14208] INFO perfrun.launcher <> - ProcessCreator object was created
241 [14208] INFO perfrun.launcher <> - Launcher: the process was started in suspend mode
243 [19588] INFO perfrun.itt <> - start itt controller for pid #3568
244 [19588] INFO perfrun.sdk <> - runCmd: "C:\Program Files (x86)\Intel\oneAPI\vtune\latest\bin64\emon.exe" -M
247 [19588] INFO perfrun.sdk <> - runCmd started PID 4396
296 [19588] INFO perfrun.sdk <> - runCmd: "C:\Program Files (x86)\Intel\oneAPI\vtune\latest\bin64\emon.exe" -v
299 [19588] INFO perfrun.sdk <> - runCmd started PID 13396
354 [19588] INFO perfrun.sdk <> - runCmd: "C:\Program Files (x86)\Intel\oneAPI\vtune\latest\bin64\sep.exe" -dry-run -ec CPU_CLK_UNHALTED.THREAD,CPU_CLK_UNHALTED.REF_TSC:sample:sa=3700000,INST_RETIRED.ANY:sample:sa=3700000,CPU_CLK_UNHALTED.REF_XCLK,CPU_CLK_UNHALTED.ONE_THREAD_ACTIVE,FP_ARITH_INST_RETIRED.SCALAR_SINGLE,FP_ARITH_INST_RETIRED.128B_PACKED_SINGLE,FP_ARITH_INST_RETIRED.256B_PACKED_SINGLE,FP_ARITH_INST_RETIRED.SCALAR_DOUBLE,FP_ARITH_INST_RETIRED.128B_PACKED_DOUBLE,FP_ARITH_INST_RETIRED.256B_PACKED_DOUBLE,UOPS_EXECUTED.X87,UOPS_RETIRED.RETIRE_SLOTS:sample:sa=2000003,UOPS_EXECUTED.THREAD -experimental
357 [19588] INFO perfrun.sdk <> - runCmd started PID 2940
424 [19588] INFO perfrun.sdk <> - runCmd: "C:\Program Files (x86)\Intel\oneAPI\vtune\latest\bin64\emon.exe" -u -t 0.050 -l0 -A -C CPU_CLK_UNHALTED.ONE_THREAD_ACTIVE,CPU_CLK_UNHALTED.REF_TSC,CPU_CLK_UNHALTED.REF_XCLK,CPU_CLK_UNHALTED.THREAD,FP_ARITH_INST_RETIRED.128B_PACKED_DOUBLE,FP_ARITH_INST_RETIRED.128B_PACKED_SINGLE,FP_ARITH_INST_RETIRED.256B_PACKED_DOUBLE,FP_ARITH_INST_RETIRED.256B_PACKED_SINGLE,FP_ARITH_INST_RETIRED.SCALAR_DOUBLE,FP_ARITH_INST_RETIRED.SCALAR_SINGLE,INST_RETIRED.ANY,UOPS_EXECUTED.THREAD,UOPS_EXECUTED.X87,UOPS_RETIRED.RETIRE_SLOTS -f C:\Users\ajayv\Documents\projects\UNI\22WSD530-Programming-Multi-many-core-Systems-Coursework-2\vTune_Results\r001hs\data.0\emon.0.emon -experimental
427 [19588] INFO perfrun.sdk <> - runCmd started PID 13772
427 [19588] INFO perfrun.emon <> - Waiting trace file creation: C:\Users\ajayv\Documents\projects\UNI\22WSD530-Programming-Multi-many-core-Systems-Coursework-2\vTune_Results\r001hs\data.0\emon.0.emon
638 [19588] INFO perfrun.emon <> - trace file was found
638 [19588] INFO perfrun.tpss <> - start tpss controller for pid #3568
700 [14208] INFO perfrun.launcher <> - Launcher: all plugins were started
700 [14208] INFO perfrun.launcher <> - DirectoryMonitor object was created
700 [14208] INFO perfrun.launcher <> - DirectoryMonitor: a callback was added
700 [14208] INFO perfrun.launcher <> - DirectoryMonitor was started with pingTime = 1000
700 [14208] INFO perfrun.launcher <> - DeadlineTimer is going to be constructed
700 [14208] INFO perfrun.launcher <> - DeadlineTimer: a callback was added
709 [14208] INFO perfrun.launcher <> - Launcher: resume the profiled application and  wait its termination or stop command
4014 [14208] INFO perfrun.launcher <> - Launcher: the profiled application was terminated  with exit code = 0
4023 [19588] INFO perfrun.itt <> - detach itt controller
4023 [19588] INFO perfrun.itt <> - detach itt controller done
4023 [19588] INFO perfrun.sdk <> - runCmd: "C:\Program Files (x86)\Intel\oneAPI\vtune\latest\bin64\emon.exe" -stop
4025 [19588] INFO perfrun.sdk <> - runCmd started PID 21044
4262 [19588] INFO perfrun.emon <> - EMON collector successfully stopped.

4262 [19588] INFO perfrun.emon <> - Waiting for main Emon process (13772) to finish...
4262 [19588] INFO perfrun.emon <> - Main Emon process finished
4262 [19588] INFO perfrun.tpss <> - stop tpss controller
4263 [19588] INFO perfrun.sdk <> - De-allocating TMU: C:\Users\ajayv\Documents\projects\UNI\22WSD530-Programming-Multi-many-core-Systems-Coursework-2\vTune_Results\r001hs\data.0\systemcollector-19972-Ajays-PC.sc
4284 [19588] INFO perfrun.system <> - closed the system trace file: C:\Users\ajayv\Documents\projects\UNI\22WSD530-Programming-Multi-many-core-Systems-Coursework-2\vTune_Results\r001hs\data.0\systemcollector-19972-Ajays-PC.sc
4285 [14208] INFO perfrun.launcher <> - Launcher: all plugins were stopped.
4285 [14208] INFO perfrun.launcher <> - DeadlineTimer is going to be destroyed
4285 [14208] INFO perfrun.launcher <> - DeadlineTimer was destroyed
4285 [14208] INFO perfrun.launcher <> - DirectoryMonitor object was destroyed
4285 [14208] WARN perfrun.launcher <> - Stop command is ignored because it is received when collection is already stopped, at file: C:\BB\ANphep2w6r\b\tmp2iy5aj\vcs\perfrun1\launcher\src\command_handler.cpp:226
4286 [14208] INFO perfrun.launcher <> - Application exit code: 0
4286 [14208] INFO perfrun.launcher <> - Exit code: 0
